TN:
SF:src\auth\application\use-cases\ChangePassword.usecase.ts
FN:18,(anonymous_1)
FN:20,(anonymous_2)
FNF:2
FNH:1
FNDA:1,(anonymous_1)
FNDA:0,(anonymous_2)
DA:1,1
DA:3,1
DA:4,1
DA:17,1
DA:18,1
DA:21,0
DA:23,0
DA:24,0
DA:29,0
DA:30,0
DA:31,0
DA:32,0
DA:36,0
DA:38,0
DA:39,0
DA:41,0
LF:16
LH:5
BRDA:23,0,0,0
BRDA:29,1,0,0
BRDA:31,2,0,0
BRF:3
BRH:0
end_of_record
TN:
SF:src\auth\application\use-cases\LoginUser.usecase.ts
FN:12,(anonymous_1)
FN:14,(anonymous_2)
FNF:2
FNH:2
FNDA:1,(anonymous_1)
FNDA:1,(anonymous_2)
DA:1,1
DA:3,1
DA:5,1
DA:6,1
DA:11,1
DA:12,1
DA:15,1
DA:17,0
DA:18,0
DA:19,0
DA:22,0
DA:23,0
DA:24,0
DA:27,0
DA:33,0
LF:15
LH:7
BRDA:18,0,0,0
BRDA:23,1,0,0
BRF:2
BRH:0
end_of_record
TN:
SF:src\auth\application\use-cases\RegisterUser.usecase.ts
FN:16,(anonymous_1)
FN:18,(anonymous_2)
FN:82,(anonymous_3)
FNF:3
FNH:3
FNDA:1,(anonymous_1)
FNDA:6,(anonymous_2)
FNDA:1,(anonymous_3)
DA:1,1
DA:3,1
DA:4,1
DA:5,1
DA:7,1
DA:8,1
DA:9,1
DA:10,1
DA:15,1
DA:16,1
DA:19,6
DA:22,1
DA:23,1
DA:24,0
DA:28,1
DA:29,1
DA:31,1
DA:32,0
DA:33,0
DA:35,0
DA:37,0
DA:38,0
DA:43,0
DA:45,0
DA:50,1
DA:52,1
DA:65,1
DA:67,1
DA:73,1
DA:83,1
LF:30
LH:22
BRDA:23,0,0,0
BRDA:31,1,0,0
BRDA:41,2,0,0
BRDA:41,2,1,0
BRF:4
BRH:0
end_of_record
TN:
SF:src\auth\domain\entities\Account.entity.ts
FN:7,(anonymous_0)
FN:67,(anonymous_1)
FN:71,(anonymous_2)
FN:75,(anonymous_3)
FN:79,(anonymous_4)
FN:83,(anonymous_5)
FN:87,(anonymous_6)
FN:91,(anonymous_7)
FN:95,(anonymous_8)
FN:99,(anonymous_9)
FN:103,(anonymous_10)
FN:107,(anonymous_11)
FN:111,(anonymous_12)
FN:115,(anonymous_13)
FN:119,(anonymous_14)
FN:123,(anonymous_15)
FN:127,(anonymous_16)
FN:131,(anonymous_17)
FN:138,(anonymous_18)
FNF:19
FNH:12
FNDA:1,(anonymous_0)
FNDA:1,(anonymous_1)
FNDA:4,(anonymous_2)
FNDA:3,(anonymous_3)
FNDA:1,(anonymous_4)
FNDA:0,(anonymous_5)
FNDA:2,(anonymous_6)
FNDA:0,(anonymous_7)
FNDA:1,(anonymous_8)
FNDA:0,(anonymous_9)
FNDA:3,(anonymous_10)
FNDA:1,(anonymous_11)
FNDA:1,(anonymous_12)
FNDA:0,(anonymous_13)
FNDA:1,(anonymous_14)
FNDA:0,(anonymous_15)
FNDA:1,(anonymous_16)
FNDA:0,(anonymous_17)
FNDA:0,(anonymous_18)
DA:7,1
DA:8,1
DA:9,1
DA:10,1
DA:64,1
DA:68,1
DA:72,4
DA:76,3
DA:80,1
DA:84,0
DA:88,2
DA:92,0
DA:96,1
DA:100,0
DA:104,3
DA:108,1
DA:112,1
DA:116,0
DA:120,1
DA:124,0
DA:128,1
DA:132,0
DA:139,0
LF:23
LH:16
BRDA:7,0,0,1
BRDA:7,0,1,1
BRF:2
BRH:2
end_of_record
TN:
SF:src\auth\infrastructure\controllers\Auth.controller.ts
FN:19,(anonymous_0)
FN:30,(anonymous_1)
FN:39,(anonymous_2)
FN:48,(anonymous_3)
FN:61,(anonymous_4)
FNF:5
FNH:3
FNDA:1,(anonymous_0)
FNDA:6,(anonymous_1)
FNDA:1,(anonymous_2)
FNDA:0,(anonymous_3)
FNDA:0,(anonymous_4)
DA:2,1
DA:3,1
DA:4,1
DA:5,1
DA:6,1
DA:7,1
DA:14,1
DA:20,1
DA:21,1
DA:22,1
DA:23,1
DA:30,1
DA:31,6
DA:32,1
DA:39,1
DA:40,1
DA:41,0
DA:48,1
DA:49,0
DA:50,0
DA:51,0
DA:53,0
DA:54,0
DA:61,1
DA:62,0
DA:63,0
DA:65,0
LF:27
LH:18
BRDA:50,0,0,0
BRDA:62,1,0,0
BRF:2
BRH:0
end_of_record
TN:
SF:src\auth\infrastructure\repositories\FirestoreAccountRepository.ts
FN:12,(anonymous_0)
FN:16,(anonymous_1)
FN:36,(anonymous_2)
FN:50,(anonymous_3)
FN:60,(anonymous_4)
FN:68,(anonymous_5)
FNF:6
FNH:4
FNDA:2,(anonymous_0)
FNDA:1,(anonymous_1)
FNDA:1,(anonymous_2)
FNDA:0,(anonymous_3)
FNDA:1,(anonymous_4)
FNDA:0,(anonymous_5)
DA:1,1
DA:3,1
DA:4,1
DA:5,1
DA:11,1
DA:13,2
DA:17,1
DA:32,1
DA:33,1
DA:37,1
DA:42,1
DA:43,1
DA:46,0
DA:47,0
DA:51,0
DA:53,0
DA:54,0
DA:57,0
DA:61,1
DA:62,1
DA:69,0
LF:21
LH:14
BRDA:22,0,0,1
BRDA:22,0,1,1
BRDA:25,1,0,1
BRDA:25,1,1,1
BRDA:26,2,0,1
BRDA:26,2,1,1
BRDA:27,3,0,1
BRDA:27,3,1,1
BRDA:42,4,0,1
BRDA:53,5,0,0
BRDA:76,6,0,0
BRDA:76,6,1,0
BRDA:78,7,0,0
BRDA:78,7,1,0
BRDA:79,8,0,0
BRDA:79,8,1,0
BRF:16
BRH:9
end_of_record
TN:
SF:src\auth\infrastructure\routes\auth.routes.ts
FNF:0
FNH:0
DA:1,1
DA:2,1
DA:3,1
DA:5,1
DA:6,1
DA:13,1
DA:20,1
DA:27,1
DA:34,1
DA:36,1
LF:10
LH:10
BRF:0
BRH:0
end_of_record
TN:
SF:src\config\env.config.ts
FN:35,(anonymous_1)
FNF:1
FNH:1
FNDA:1,(anonymous_1)
DA:1,1
DA:2,1
DA:4,1
DA:35,1
DA:36,1
DA:43,1
DA:44,4
DA:45,0
DA:49,1
DA:77,1
LF:10
LH:9
BRDA:44,0,0,0
BRDA:50,1,0,1
BRDA:50,1,1,0
BRDA:51,2,0,1
BRDA:51,2,1,1
BRDA:53,3,0,1
BRDA:53,3,1,0
BRDA:54,4,0,1
BRDA:54,4,1,0
BRDA:55,5,0,0
BRDA:55,5,1,1
BRDA:57,6,0,1
BRDA:57,6,1,0
BRDA:60,7,0,1
BRDA:60,7,1,0
BRDA:61,8,0,1
BRDA:61,8,1,0
BRDA:64,9,0,1
BRDA:64,9,1,1
BRDA:67,10,0,1
BRDA:67,10,1,1
BRDA:68,11,0,1
BRDA:68,11,1,1
BRDA:71,12,0,1
BRDA:71,12,1,1
BRDA:72,13,0,1
BRDA:72,13,1,1
BRF:27
BRH:19
end_of_record
TN:
SF:src\config\firebase.config.ts
FN:10,(anonymous_1)
FN:38,(anonymous_2)
FN:48,(anonymous_3)
FNF:3
FNH:2
FNDA:1,(anonymous_1)
FNDA:2,(anonymous_2)
FNDA:0,(anonymous_3)
DA:1,1
DA:2,1
DA:4,1
DA:10,1
DA:11,1
DA:12,0
DA:15,1
DA:16,1
DA:22,1
DA:27,1
DA:28,1
DA:30,0
DA:31,0
DA:38,1
DA:39,2
DA:40,0
DA:42,2
DA:48,1
DA:49,0
DA:50,0
DA:52,0
DA:55,1
LF:22
LH:15
BRDA:11,0,0,0
BRDA:11,1,0,1
BRDA:11,1,1,1
BRDA:39,2,0,0
BRDA:39,3,0,2
BRDA:39,3,1,0
BRDA:49,4,0,0
BRDA:49,5,0,0
BRDA:49,5,1,0
BRF:9
BRH:3
end_of_record
TN:
SF:src\shared\domain\value-objects\Email.ts
FN:8,(anonymous_0)
FN:13,(anonymous_1)
FN:20,(anonymous_2)
FN:24,(anonymous_3)
FN:28,(anonymous_4)
FNF:5
FNH:3
FNDA:7,(anonymous_0)
FNDA:7,(anonymous_1)
FNDA:4,(anonymous_2)
FNDA:0,(anonymous_3)
FNDA:0,(anonymous_4)
DA:5,1
DA:9,7
DA:10,1
DA:14,7
DA:15,7
DA:16,6
DA:21,4
DA:25,0
DA:29,0
LF:9
LH:7
BRDA:15,0,0,6
BRF:1
BRH:1
end_of_record
TN:
SF:src\shared\domain\value-objects\UserId.ts
FN:8,(anonymous_0)
FN:15,(anonymous_1)
FN:19,(anonymous_2)
FN:23,(anonymous_3)
FNF:4
FNH:2
FNDA:1,(anonymous_0)
FNDA:4,(anonymous_1)
FNDA:0,(anonymous_2)
FNDA:0,(anonymous_3)
DA:5,1
DA:9,1
DA:10,0
DA:12,1
DA:16,4
DA:20,0
DA:24,0
LF:7
LH:4
BRDA:9,0,0,0
BRDA:9,1,0,1
BRDA:9,1,1,1
BRF:3
BRH:2
end_of_record
TN:
SF:src\shared\middleware\auth.middleware.ts
FN:25,(anonymous_1)
FN:56,(anonymous_2)
FN:57,(anonymous_3)
FNF:3
FNH:1
FNDA:5,(anonymous_1)
FNDA:0,(anonymous_2)
FNDA:0,(anonymous_3)
DA:2,1
DA:3,1
DA:4,1
DA:25,1
DA:30,5
DA:31,5
DA:33,5
DA:34,3
DA:37,2
DA:38,2
DA:40,0
DA:41,0
DA:43,5
DA:44,2
DA:46,3
DA:47,0
DA:49,3
DA:56,1
DA:57,0
DA:58,0
DA:59,0
DA:62,0
DA:63,0
DA:66,0
LF:24
LH:15
BRDA:33,0,0,3
BRDA:33,1,0,5
BRDA:33,1,1,3
BRDA:43,2,0,2
BRDA:46,3,0,0
BRDA:58,4,0,0
BRDA:62,5,0,0
BRF:7
BRH:4
end_of_record
TN:
SF:src\shared\middleware\error.middleware.ts
FN:7,(anonymous_0)
FN:20,(anonymous_1)
FN:44,(anonymous_2)
FN:45,(anonymous_3)
FNF:4
FNH:4
FNDA:5,(anonymous_0)
FNDA:11,(anonymous_1)
FNDA:7,(anonymous_2)
FNDA:7,(anonymous_3)
DA:6,1
DA:8,5
DA:9,5
DA:10,5
DA:12,5
DA:13,5
DA:20,1
DA:26,11
DA:27,5
DA:33,6
DA:35,6
DA:44,1
DA:45,7
DA:46,7
LF:14
LH:14
BRDA:10,0,0,5
BRDA:26,1,0,5
BRF:2
BRH:2
end_of_record
TN:
SF:src\shared\services\email.service.ts
FN:26,(anonymous_1)
FN:48,(anonymous_2)
FN:99,(anonymous_3)
FN:167,(anonymous_4)
FNF:4
FNH:1
FNDA:1,(anonymous_1)
FNDA:0,(anonymous_2)
FNDA:0,(anonymous_3)
FNDA:0,(anonymous_4)
DA:1,1
DA:2,1
DA:9,1
DA:14,1
DA:27,1
DA:28,1
DA:31,1
DA:32,0
DA:39,0
DA:41,1
DA:49,0
DA:100,0
DA:140,0
DA:147,0
DA:148,0
DA:149,0
DA:150,0
DA:152,0
DA:153,0
DA:156,0
DA:168,0
DA:213,0
DA:220,0
DA:221,0
DA:222,0
DA:223,0
DA:225,0
DA:226,0
DA:229,0
DA:237,1
LF:30
LH:9
BRDA:31,0,0,0
BRDA:31,0,1,1
BRDA:31,1,0,1
BRDA:31,1,1,0
BRDA:147,2,0,0
BRDA:147,2,1,0
BRDA:220,3,0,0
BRDA:220,3,1,0
BRF:8
BRH:2
end_of_record
TN:
SF:src\shared\utils\jwt.util.ts
FN:17,(anonymous_1)
FN:25,(anonymous_2)
FNF:2
FNH:1
FNDA:1,(anonymous_1)
FNDA:0,(anonymous_2)
DA:1,1
DA:2,1
DA:16,1
DA:18,1
DA:26,0
LF:5
LH:4
BRF:0
BRH:0
end_of_record
TN:
SF:src\shared\utils\password-generator.util.ts
FN:4,(anonymous_0)
FNF:1
FNH:0
FNDA:0,(anonymous_0)
DA:4,1
DA:5,0
DA:6,0
DA:7,0
DA:8,0
DA:10,0
LF:6
LH:1
BRDA:4,0,0,0
BRF:1
BRH:0
end_of_record
TN:
SF:src\shared\utils\response.util.ts
FN:7,(anonymous_0)
FN:15,(anonymous_1)
FN:23,(anonymous_2)
FN:27,(anonymous_3)
FNF:4
FNH:1
FNDA:0,(anonymous_0)
FNDA:1,(anonymous_1)
FNDA:0,(anonymous_2)
FNDA:0,(anonymous_3)
DA:6,1
DA:8,0
DA:16,1
DA:24,0
DA:28,0
LF:5
LH:2
BRDA:7,0,0,0
BRDA:7,1,0,0
BRDA:15,2,0,0
BRDA:27,3,0,0
BRF:4
BRH:0
end_of_record
TN:
SF:src\users\infrastructure\controllers\Users.controller.ts
FN:14,(anonymous_0)
FN:32,(anonymous_1)
FN:85,(anonymous_2)
FNF:3
FNH:0
FNDA:0,(anonymous_0)
FNDA:0,(anonymous_1)
FNDA:0,(anonymous_2)
DA:2,1
DA:4,1
DA:5,1
DA:6,1
DA:8,1
DA:14,1
DA:15,0
DA:16,0
DA:17,0
DA:20,0
DA:21,0
DA:22,0
DA:25,0
DA:32,1
DA:33,0
DA:34,0
DA:35,0
DA:38,0
DA:39,0
DA:40,0
DA:44,0
DA:45,0
DA:47,0
DA:48,0
DA:49,0
DA:51,0
DA:52,0
DA:53,0
DA:55,0
DA:56,0
DA:57,0
DA:62,0
DA:63,0
DA:64,0
DA:70,0
DA:71,0
DA:72,0
DA:74,0
DA:75,0
DA:78,0
DA:85,1
DA:86,0
DA:88,0
DA:89,0
DA:90,0
DA:93,0
LF:46
LH:8
BRDA:16,0,0,0
BRDA:21,1,0,0
BRDA:34,2,0,0
BRDA:39,3,0,0
BRDA:47,4,0,0
BRDA:51,5,0,0
BRDA:55,6,0,0
BRDA:58,7,0,0
BRDA:58,7,1,0
BRDA:62,8,0,0
BRDA:65,9,0,0
BRDA:65,9,1,0
BRDA:89,10,0,0
BRF:13
BRH:0
end_of_record
TN:
SF:src\users\infrastructure\routes\users.routes.ts
FNF:0
FNH:0
DA:1,1
DA:2,1
DA:3,1
DA:5,1
DA:12,1
DA:19,1
DA:26,1
DA:28,1
LF:8
LH:8
BRF:0
BRH:0
end_of_record
