TN:
SF:src\config\env.config.ts
FN:24,(anonymous_1)
FNF:1
FNH:1
FNDA:2,(anonymous_1)
DA:1,2
DA:2,2
DA:24,2
DA:25,2
DA:46,2
LF:5
LH:5
BRDA:26,0,0,2
BRDA:26,0,1,0
BRDA:27,1,0,2
BRDA:27,1,1,0
BRDA:29,2,0,2
BRDA:29,2,1,0
BRDA:30,3,0,2
BRDA:30,3,1,0
BRDA:31,4,0,2
BRDA:31,4,1,0
BRDA:34,5,0,2
BRDA:34,5,1,0
BRDA:37,6,0,2
BRDA:37,6,1,2
BRDA:40,7,0,2
BRDA:40,7,1,2
BRDA:41,8,0,2
BRDA:41,8,1,2
BRF:18
BRH:12
end_of_record
TN:
SF:src\config\firebase.config.ts
FN:6,(anonymous_1)
FN:26,(anonymous_2)
FNF:2
FNH:2
FNDA:2,(anonymous_1)
FNDA:10,(anonymous_2)
DA:1,2
DA:2,2
DA:4,2
DA:6,2
DA:7,2
DA:9,2
DA:10,2
DA:18,2
DA:19,2
DA:21,0
DA:22,0
DA:26,2
DA:27,10
DA:28,10
DA:31,2
LF:15
LH:13
BRDA:7,0,0,0
BRDA:7,1,0,2
BRDA:7,1,1,2
BRDA:27,2,0,0
BRDA:27,3,0,10
BRDA:27,3,1,0
BRF:6
BRH:3
end_of_record
TN:
SF:src\offers\domain\entities\Oferta.entity.ts
FN:25,(anonymous_0)
FN:27,(anonymous_1)
FN:28,(anonymous_2)
FN:29,(anonymous_3)
FN:30,(anonymous_4)
FN:31,(anonymous_5)
FN:32,(anonymous_6)
FN:33,(anonymous_7)
FN:34,(anonymous_8)
FN:35,(anonymous_9)
FN:36,(anonymous_10)
FN:37,(anonymous_11)
FN:38,(anonymous_12)
FN:39,(anonymous_13)
FN:40,(anonymous_14)
FN:41,(anonymous_15)
FN:42,(anonymous_16)
FN:44,(anonymous_17)
FN:46,(anonymous_18)
FNF:19
FNH:0
FNDA:0,(anonymous_0)
FNDA:0,(anonymous_1)
FNDA:0,(anonymous_2)
FNDA:0,(anonymous_3)
FNDA:0,(anonymous_4)
FNDA:0,(anonymous_5)
FNDA:0,(anonymous_6)
FNDA:0,(anonymous_7)
FNDA:0,(anonymous_8)
FNDA:0,(anonymous_9)
FNDA:0,(anonymous_10)
FNDA:0,(anonymous_11)
FNDA:0,(anonymous_12)
FNDA:0,(anonymous_13)
FNDA:0,(anonymous_14)
FNDA:0,(anonymous_15)
FNDA:0,(anonymous_16)
FNDA:0,(anonymous_17)
FNDA:0,(anonymous_18)
DA:24,2
DA:25,0
DA:27,0
DA:28,0
DA:29,0
DA:30,0
DA:31,0
DA:32,0
DA:33,0
DA:34,0
DA:35,0
DA:36,0
DA:37,0
DA:38,0
DA:39,0
DA:40,0
DA:41,0
DA:42,0
DA:44,0
DA:47,0
LF:20
LH:1
BRF:0
BRH:0
end_of_record
TN:
SF:src\offers\infrastructure\controllers\Offers.controller.ts
FN:14,(anonymous_0)
FN:24,(anonymous_1)
FN:31,(anonymous_2)
FN:46,(anonymous_3)
FN:71,(anonymous_4)
FN:99,(anonymous_5)
FN:119,(anonymous_6)
FN:125,(anonymous_7)
FNF:8
FNH:2
FNDA:6,(anonymous_0)
FNDA:0,(anonymous_1)
FNDA:4,(anonymous_2)
FNDA:0,(anonymous_3)
FNDA:0,(anonymous_4)
FNDA:0,(anonymous_5)
FNDA:0,(anonymous_6)
FNDA:0,(anonymous_7)
DA:2,2
DA:3,2
DA:5,2
DA:6,2
DA:8,2
DA:14,2
DA:15,6
DA:17,6
DA:24,5
DA:31,2
DA:32,4
DA:34,4
DA:35,4
DA:36,4
DA:39,0
DA:46,2
DA:47,0
DA:48,0
DA:51,0
DA:52,0
DA:55,0
DA:63,0
DA:64,0
DA:71,2
DA:72,0
DA:74,0
DA:75,0
DA:76,0
DA:80,0
DA:81,0
DA:85,0
DA:91,0
DA:92,0
DA:99,2
DA:100,0
DA:102,0
DA:103,0
DA:104,0
DA:107,0
DA:108,0
DA:111,0
DA:112,0
DA:119,2
DA:120,0
DA:121,0
DA:124,0
DA:125,0
LF:47
LH:18
BRDA:21,0,0,1
BRDA:21,0,1,5
BRDA:35,1,0,4
BRDA:47,2,0,0
BRDA:51,3,0,0
BRDA:75,4,0,0
BRDA:80,5,0,0
BRDA:103,6,0,0
BRDA:107,7,0,0
BRDA:120,8,0,0
BRF:10
BRH:3
end_of_record
TN:
SF:src\offers\infrastructure\repositories\FirestoreOfertaRepository.ts
FN:10,(anonymous_0)
FN:14,(anonymous_1)
FN:23,(anonymous_2)
FN:29,(anonymous_3)
FN:58,(anonymous_4)
FN:62,(anonymous_5)
FN:76,(anonymous_6)
FN:83,(anonymous_7)
FN:84,(anonymous_8)
FN:95,(anonymous_9)
FN:99,(anonymous_10)
FNF:11
FNH:3
FNDA:10,(anonymous_0)
FNDA:0,(anonymous_1)
FNDA:4,(anonymous_2)
FNDA:6,(anonymous_3)
FNDA:0,(anonymous_4)
FNDA:0,(anonymous_5)
FNDA:0,(anonymous_6)
FNDA:0,(anonymous_7)
FNDA:0,(anonymous_8)
FNDA:0,(anonymous_9)
FNDA:0,(anonymous_10)
DA:1,2
DA:2,2
DA:9,2
DA:11,10
DA:15,0
DA:19,0
DA:20,0
DA:24,4
DA:25,4
DA:26,0
DA:30,6
DA:31,6
DA:32,6
DA:35,6
DA:36,1
DA:37,1
DA:39,6
DA:40,3
DA:41,2
DA:43,5
DA:44,0
DA:45,0
DA:49,5
DA:50,3
DA:53,5
DA:54,1
DA:57,5
DA:58,5
DA:61,5
DA:62,2
DA:63,0
DA:64,0
DA:65,0
DA:69,5
DA:71,1
DA:72,1
DA:77,0
DA:78,0
DA:83,0
DA:84,0
DA:85,0
DA:86,0
DA:87,0
DA:90,0
DA:91,0
DA:96,0
DA:100,0
LF:47
LH:27
BRDA:25,0,0,4
BRDA:35,1,0,1
BRDA:39,2,0,3
BRDA:43,3,0,0
BRDA:49,4,0,3
BRDA:53,5,0,1
BRDA:61,6,0,2
BRDA:63,7,0,0
BRDA:63,7,1,0
BRDA:64,8,0,0
BRDA:64,8,1,0
BRDA:71,9,0,1
BRDA:71,9,1,0
BRDA:85,10,0,0
BRDA:85,10,1,0
BRDA:86,11,0,0
BRDA:86,11,1,0
BRDA:90,12,0,0
BRDA:90,12,1,0
BRDA:112,13,0,0
BRDA:112,13,1,0
BRDA:113,14,0,0
BRDA:113,14,1,0
BRDA:114,15,0,0
BRDA:114,15,1,0
BRF:25
BRH:7
end_of_record
TN:
SF:src\offers\infrastructure\routes\offers.routes.ts
FNF:0
FNH:0
DA:1,2
DA:2,2
DA:3,2
DA:12,2
DA:19,2
DA:26,2
DA:33,2
DA:40,2
DA:47,2
DA:54,2
DA:56,2
LF:11
LH:11
BRF:0
BRH:0
end_of_record
TN:
SF:src\shared\middleware\auth.middleware.ts
FN:16,(anonymous_1)
FN:42,(anonymous_2)
FN:43,(anonymous_3)
FNF:3
FNH:2
FNDA:7,(anonymous_1)
FNDA:8,(anonymous_2)
FNDA:0,(anonymous_3)
DA:2,2
DA:3,2
DA:4,2
DA:16,2
DA:21,7
DA:22,7
DA:23,7
DA:24,5
DA:27,2
DA:28,2
DA:29,0
DA:30,0
DA:32,7
DA:33,2
DA:35,5
DA:36,0
DA:38,5
DA:42,2
DA:43,8
DA:44,0
DA:45,0
DA:46,0
DA:48,0
LF:23
LH:16
BRDA:23,0,0,5
BRDA:23,1,0,7
BRDA:23,1,1,2
BRDA:32,2,0,2
BRDA:35,3,0,0
BRDA:44,4,0,0
BRDA:45,5,0,0
BRF:7
BRH:4
end_of_record
TN:
SF:src\shared\middleware\error.middleware.ts
FN:4,(anonymous_0)
FN:14,(anonymous_1)
FN:33,(anonymous_2)
FN:34,(anonymous_3)
FNF:4
FNH:4
FNDA:11,(anonymous_0)
FNDA:12,(anonymous_1)
FNDA:12,(anonymous_2)
FNDA:10,(anonymous_3)
DA:3,2
DA:5,11
DA:6,11
DA:7,11
DA:9,11
DA:10,11
DA:14,2
DA:20,12
DA:21,11
DA:26,1
DA:27,1
DA:33,2
DA:34,12
DA:35,10
LF:14
LH:14
BRDA:7,0,0,11
BRDA:20,1,0,11
BRF:2
BRH:2
end_of_record
TN:
SF:src\shared\middleware\security.middleware.ts
FN:36,(anonymous_1)
FNF:1
FNH:1
FNDA:2,(anonymous_1)
DA:13,2
DA:14,2
DA:20,2
DA:36,2
DA:38,2
DA:61,2
DA:63,2
DA:66,2
LF:8
LH:8
BRF:0
BRH:0
end_of_record
TN:
SF:src\shared\utils\response.util.ts
FN:4,(anonymous_0)
FN:8,(anonymous_1)
FN:12,(anonymous_2)
FNF:3
FNH:1
FNDA:5,(anonymous_0)
FNDA:0,(anonymous_1)
FNDA:0,(anonymous_2)
DA:3,2
DA:5,5
DA:9,0
DA:13,0
LF:4
LH:2
BRDA:4,0,0,5
BRDA:4,1,0,5
BRDA:8,2,0,0
BRF:3
BRH:2
end_of_record
