TN:
SF:src\config\env.config.ts
FN:24,(anonymous_1)
FNF:1
FNH:1
FNDA:2,(anonymous_1)
DA:1,2
DA:2,2
DA:24,2
DA:25,2
DA:46,2
LF:5
LH:5
BRDA:26,0,0,2
BRDA:26,0,1,0
BRDA:27,1,0,2
BRDA:27,1,1,0
BRDA:29,2,0,2
BRDA:29,2,1,0
BRDA:30,3,0,2
BRDA:30,3,1,0
BRDA:31,4,0,2
BRDA:31,4,1,0
BRDA:34,5,0,2
BRDA:34,5,1,0
BRDA:37,6,0,2
BRDA:37,6,1,0
BRDA:40,7,0,2
BRDA:40,7,1,2
BRDA:41,8,0,2
BRDA:41,8,1,2
BRF:18
BRH:11
end_of_record
TN:
SF:src\config\firebase.config.ts
FN:6,(anonymous_1)
FN:26,(anonymous_2)
FN:31,(anonymous_3)
FNF:3
FNH:3
FNDA:2,(anonymous_1)
FNDA:5,(anonymous_2)
FNDA:6,(anonymous_3)
DA:1,2
DA:2,2
DA:4,2
DA:6,2
DA:7,2
DA:9,2
DA:10,2
DA:18,2
DA:19,2
DA:21,0
DA:22,0
DA:26,2
DA:27,5
DA:28,5
DA:31,2
DA:32,6
DA:33,6
DA:36,2
LF:18
LH:16
BRDA:7,0,0,0
BRDA:7,0,1,2
BRDA:7,1,0,2
BRDA:7,1,1,2
BRDA:27,2,0,0
BRDA:27,2,1,5
BRDA:27,3,0,5
BRDA:27,3,1,0
BRDA:32,4,0,0
BRDA:32,4,1,6
BRDA:32,5,0,6
BRDA:32,5,1,0
BRF:12
BRH:7
end_of_record
TN:
SF:src\matching\domain\types.ts
FN:151,(anonymous_0)
FN:162,(anonymous_1)
FN:172,(anonymous_2)
FN:182,(anonymous_3)
FN:192,(anonymous_4)
FN:202,(anonymous_5)
FNF:6
FNH:5
FNDA:8,(anonymous_0)
FNDA:1,(anonymous_1)
FNDA:1,(anonymous_2)
FNDA:3,(anonymous_3)
FNDA:3,(anonymous_4)
FNDA:0,(anonymous_5)
DA:8,4
DA:13,4
DA:150,4
DA:152,8
DA:154,8
DA:156,8
DA:157,8
DA:161,4
DA:163,1
DA:171,4
DA:173,1
DA:181,4
DA:183,3
DA:191,4
DA:193,3
DA:201,4
DA:203,0
LF:17
LH:16
BRDA:154,0,0,0
BRF:1
BRH:0
end_of_record
TN:
SF:src\matching\infrastructure\controllers\Matching.controller.ts
FN:21,(anonymous_0)
FN:29,(anonymous_1)
FN:36,(anonymous_2)
FN:63,(anonymous_3)
FN:97,(anonymous_4)
FN:143,(anonymous_5)
FN:189,(anonymous_6)
FN:238,(anonymous_7)
FN:243,(anonymous_8)
FNF:9
FNH:3
FNDA:1,(anonymous_0)
FNDA:2,(anonymous_1)
FNDA:0,(anonymous_2)
FNDA:0,(anonymous_3)
FNDA:1,(anonymous_4)
FNDA:0,(anonymous_5)
FNDA:0,(anonymous_6)
FNDA:0,(anonymous_7)
FNDA:0,(anonymous_8)
DA:7,2
DA:8,2
DA:19,2
DA:21,2
DA:22,1
DA:24,0
DA:26,1
DA:29,2
DA:30,2
DA:36,2
DA:37,0
DA:38,0
DA:45,0
DA:46,0
DA:62,2
DA:64,0
DA:66,0
DA:67,0
DA:73,0
DA:74,0
DA:75,0
DA:77,0
DA:86,0
DA:96,2
DA:99,1
DA:100,0
DA:107,1
DA:108,0
DA:114,1
DA:116,1
DA:117,0
DA:123,1
DA:124,1
DA:125,1
DA:127,1
DA:132,0
DA:142,2
DA:145,0
DA:146,0
DA:153,0
DA:154,0
DA:160,0
DA:161,0
DA:162,0
DA:164,0
DA:172,0
DA:181,2
DA:188,2
DA:191,0
DA:192,0
DA:199,0
DA:200,0
DA:206,0
DA:208,0
DA:209,0
DA:215,0
DA:216,0
DA:217,0
DA:219,0
DA:228,0
DA:237,2
DA:238,0
DA:240,0
DA:244,0
DA:245,0
DA:246,0
DA:248,0
DA:250,0
LF:68
LH:23
BRDA:22,0,0,0
BRDA:22,0,1,1
BRDA:37,1,0,0
BRDA:37,1,1,0
BRDA:66,2,0,0
BRDA:66,2,1,0
BRDA:99,3,0,0
BRDA:99,3,1,1
BRDA:107,4,0,0
BRDA:107,4,1,1
BRDA:107,5,0,1
BRDA:107,5,1,0
BRDA:116,6,0,0
BRDA:116,6,1,1
BRDA:145,7,0,0
BRDA:145,7,1,0
BRDA:153,8,0,0
BRDA:153,8,1,0
BRDA:153,9,0,0
BRDA:153,9,1,0
BRDA:191,10,0,0
BRDA:191,10,1,0
BRDA:199,11,0,0
BRDA:199,11,1,0
BRDA:199,12,0,0
BRDA:199,12,1,0
BRDA:208,13,0,0
BRDA:208,13,1,0
BRF:28
BRH:5
end_of_record
TN:
SF:src\matching\infrastructure\providers\VertexAIEmbeddingProvider.ts
FN:35,(anonymous_0)
FN:45,(anonymous_1)
FN:73,(anonymous_2)
FN:74,(anonymous_3)
FN:75,(anonymous_4)
FN:88,(anonymous_5)
FN:89,(anonymous_6)
FN:100,(anonymous_7)
FN:104,(anonymous_8)
FN:117,(anonymous_9)
FN:136,(anonymous_10)
FN:148,(anonymous_11)
FN:177,(anonymous_12)
FN:193,(anonymous_13)
FNF:14
FNH:3
FNDA:2,(anonymous_0)
FNDA:0,(anonymous_1)
FNDA:0,(anonymous_2)
FNDA:0,(anonymous_3)
FNDA:0,(anonymous_4)
FNDA:0,(anonymous_5)
FNDA:0,(anonymous_6)
FNDA:2,(anonymous_7)
FNDA:0,(anonymous_8)
FNDA:0,(anonymous_9)
FNDA:0,(anonymous_10)
FNDA:0,(anonymous_11)
FNDA:2,(anonymous_12)
FNDA:0,(anonymous_13)
DA:4,2
DA:15,2
DA:32,2
DA:36,2
DA:39,2
DA:46,0
DA:48,0
DA:49,0
DA:50,0
DA:51,0
DA:53,0
DA:54,0
DA:59,0
DA:60,0
DA:65,0
DA:74,0
DA:75,0
DA:76,0
DA:80,0
DA:82,0
DA:89,0
DA:97,2
DA:101,2
DA:106,0
DA:107,0
DA:109,0
DA:111,0
DA:114,0
DA:118,0
DA:119,0
DA:120,0
DA:121,0
DA:122,0
DA:124,0
DA:132,2
DA:137,0
DA:139,0
DA:140,0
DA:141,0
DA:143,0
DA:144,0
DA:149,0
DA:151,0
DA:152,0
DA:155,0
DA:156,0
DA:160,0
DA:165,0
DA:166,0
DA:168,0
DA:169,0
DA:177,2
DA:181,2
DA:183,2
DA:187,2
DA:193,2
DA:194,0
LF:57
LH:13
BRDA:37,0,0,2
BRDA:59,1,0,0
BRDA:59,1,1,0
BRDA:100,2,0,2
BRDA:136,3,0,0
BRDA:136,4,0,0
BRDA:149,5,0,0
BRDA:149,5,1,0
BRDA:179,6,0,0
BRDA:183,7,0,0
BRDA:183,7,1,2
BRF:11
BRH:3
end_of_record
TN:
SF:src\matching\infrastructure\repositories\FirestoreAplicacionRepository.ts
FN:16,(anonymous_0)
FN:22,(anonymous_1)
FN:49,(anonymous_2)
FN:66,(anonymous_3)
FN:72,(anonymous_4)
FN:82,(anonymous_5)
FN:97,(anonymous_6)
FN:105,(anonymous_7)
FNF:8
FNH:4
FNDA:2,(anonymous_0)
FNDA:1,(anonymous_1)
FNDA:0,(anonymous_2)
FNDA:0,(anonymous_3)
FNDA:0,(anonymous_4)
FNDA:0,(anonymous_5)
FNDA:2,(anonymous_6)
FNDA:3,(anonymous_7)
DA:4,2
DA:15,2
DA:16,2
DA:23,1
DA:25,1
DA:26,0
DA:29,1
DA:32,1
DA:54,0
DA:66,0
DA:73,0
DA:83,0
DA:84,0
DA:101,2
DA:102,0
DA:105,3
LF:16
LH:9
BRDA:25,0,0,0
BRDA:25,0,1,1
BRDA:36,1,0,1
BRDA:36,1,1,0
BRDA:36,1,2,0
BRDA:37,2,0,1
BRDA:37,2,1,0
BRDA:37,2,2,0
BRDA:39,3,0,1
BRDA:39,3,1,1
BRDA:86,4,0,0
BRDA:86,4,1,0
BRDA:87,5,0,0
BRDA:87,5,1,0
BRDA:88,6,0,0
BRDA:88,6,1,0
BRDA:89,7,0,0
BRDA:89,7,1,0
BRDA:101,8,0,0
BRDA:101,8,1,2
BRDA:101,9,0,2
BRDA:101,9,1,2
BRDA:106,10,0,0
BRDA:106,10,1,3
BRDA:106,11,0,3
BRDA:106,11,1,0
BRDA:108,12,0,3
BRDA:108,12,1,0
BRDA:108,13,0,3
BRDA:108,13,1,3
BRDA:108,14,0,0
BRDA:108,14,1,0
BRF:32
BRH:13
end_of_record
TN:
SF:src\matching\infrastructure\repositories\FirestorePostulacionRepository.ts
FN:19,(anonymous_0)
FN:21,(anonymous_1)
FN:30,(anonymous_2)
FN:36,(anonymous_3)
FN:42,(anonymous_4)
FN:45,(anonymous_5)
FN:51,(anonymous_6)
FN:57,(anonymous_7)
FN:71,(anonymous_8)
FN:83,(anonymous_9)
FN:101,(anonymous_10)
FN:107,(anonymous_11)
FNF:12
FNH:4
FNDA:2,(anonymous_0)
FNDA:1,(anonymous_1)
FNDA:0,(anonymous_2)
FNDA:0,(anonymous_3)
FNDA:0,(anonymous_4)
FNDA:0,(anonymous_5)
FNDA:0,(anonymous_6)
FNDA:1,(anonymous_7)
FNDA:1,(anonymous_8)
FNDA:0,(anonymous_9)
FNDA:0,(anonymous_10)
FNDA:0,(anonymous_11)
DA:4,2
DA:5,2
DA:16,2
DA:17,2
DA:19,2
DA:22,1
DA:27,1
DA:31,0
DA:32,0
DA:33,0
DA:37,0
DA:42,0
DA:46,0
DA:51,0
DA:58,1
DA:65,1
DA:72,1
DA:73,1
DA:75,1
DA:80,1
DA:84,0
DA:85,0
DA:100,2
DA:104,0
DA:108,0
LF:25
LH:14
BRDA:32,0,0,0
BRDA:32,0,1,0
BRDA:89,1,0,0
BRDA:89,1,1,0
BRF:4
BRH:0
end_of_record
TN:
SF:src\matching\infrastructure\routes\matching.routes.ts
FNF:0
FNH:0
DA:4,2
DA:5,2
DA:6,2
DA:13,2
DA:30,2
DA:42,2
DA:54,2
DA:70,2
DA:82,2
DA:89,2
LF:10
LH:10
BRF:0
BRH:0
end_of_record
TN:
SF:src\matching\services\matching.service.ts
FN:37,(anonymous_0)
FN:48,(anonymous_1)
FN:70,(anonymous_2)
FN:76,(anonymous_3)
FN:84,(anonymous_4)
FN:130,(anonymous_5)
FN:137,(anonymous_6)
FN:154,(anonymous_7)
FN:171,(anonymous_8)
FN:175,(anonymous_9)
FN:180,(anonymous_10)
FN:190,(anonymous_11)
FN:231,(anonymous_12)
FN:239,(anonymous_13)
FN:246,(anonymous_14)
FNF:15
FNH:15
FNDA:35,(anonymous_0)
FNDA:23,(anonymous_1)
FNDA:38,(anonymous_2)
FNDA:21,(anonymous_3)
FNDA:8,(anonymous_4)
FNDA:1,(anonymous_5)
FNDA:2,(anonymous_6)
FNDA:22,(anonymous_7)
FNDA:21,(anonymous_8)
FNDA:55,(anonymous_9)
FNDA:35,(anonymous_10)
FNDA:38,(anonymous_11)
FNDA:76,(anonymous_12)
FNDA:141,(anonymous_13)
FNDA:250,(anonymous_14)
DA:4,4
DA:23,4
DA:30,4
DA:36,4
DA:38,35
DA:39,35
DA:40,35
DA:41,35
DA:50,23
DA:51,23
DA:52,1
DA:56,22
DA:59,21
DA:60,21
DA:63,20
DA:70,20
DA:71,38
DA:75,20
DA:76,21
DA:89,8
DA:90,8
DA:91,1
DA:95,7
DA:99,7
DA:100,1
DA:104,6
DA:107,6
DA:108,3
DA:112,3
DA:119,3
DA:121,3
DA:131,1
DA:139,2
DA:140,2
DA:141,1
DA:144,1
DA:155,22
DA:160,22
DA:161,1
DA:163,21
DA:164,0
DA:172,21
DA:174,21
DA:175,55
DA:176,21
DA:179,21
DA:180,35
DA:181,21
DA:184,21
DA:192,38
DA:198,38
DA:204,38
DA:207,38
DA:211,38
DA:216,38
DA:235,76
DA:236,2
DA:239,141
DA:240,74
DA:241,74
DA:243,74
DA:244,171
DA:246,171
DA:247,250
DA:251,171
DA:252,65
DA:256,74
LF:67
LH:66
BRDA:51,0,0,1
BRDA:51,0,1,22
BRDA:90,1,0,1
BRDA:90,1,1,7
BRDA:99,2,0,1
BRDA:99,2,1,6
BRDA:107,3,0,3
BRDA:107,3,1,3
BRDA:140,4,0,1
BRDA:140,4,1,1
BRDA:160,5,0,1
BRDA:160,5,1,21
BRDA:163,6,0,0
BRDA:163,6,1,21
BRDA:174,7,0,21
BRDA:174,7,1,0
BRDA:179,8,0,21
BRDA:179,8,1,0
BRDA:194,9,0,38
BRDA:194,9,1,0
BRDA:200,10,0,38
BRDA:200,10,1,0
BRDA:204,11,0,31
BRDA:204,11,1,7
BRDA:235,12,0,2
BRDA:235,12,1,74
BRDA:247,13,0,250
BRDA:247,13,1,185
BRDA:251,14,0,65
BRDA:251,14,1,106
BRDA:256,15,0,74
BRDA:256,15,1,0
BRF:32
BRH:26
end_of_record
TN:
SF:src\shared\middleware\auth.middleware.ts
FN:25,(anonymous_0)
FN:72,(anonymous_1)
FN:73,(anonymous_2)
FNF:3
FNH:3
FNDA:24,(anonymous_0)
FNDA:10,(anonymous_1)
FNDA:3,(anonymous_2)
DA:2,2
DA:3,2
DA:25,2
DA:30,24
DA:31,24
DA:33,24
DA:34,18
DA:37,6
DA:38,6
DA:41,6
DA:43,3
DA:48,3
DA:50,21
DA:52,21
DA:53,0
DA:55,21
DA:56,3
DA:58,18
DA:59,0
DA:61,18
DA:62,18
DA:64,0
DA:72,2
DA:73,10
DA:74,3
DA:75,0
DA:78,3
DA:80,3
DA:81,3
DA:83,3
DA:84,0
DA:87,3
DA:88,3
DA:90,3
DA:91,2
DA:94,1
DA:96,0
DA:97,0
LF:38
LH:31
BRDA:33,0,0,18
BRDA:33,0,1,6
BRDA:33,1,0,24
BRDA:33,1,1,6
BRDA:45,2,0,3
BRDA:45,2,1,0
BRDA:52,3,0,0
BRDA:52,3,1,21
BRDA:55,4,0,3
BRDA:55,4,1,18
BRDA:58,5,0,0
BRDA:58,5,1,18
BRDA:61,6,0,18
BRDA:61,6,1,0
BRDA:74,7,0,0
BRDA:74,7,1,3
BRDA:83,8,0,0
BRDA:83,8,1,3
BRDA:90,9,0,2
BRDA:90,9,1,1
BRDA:90,10,0,3
BRDA:90,10,1,0
BRF:22
BRH:15
end_of_record
TN:
SF:src\shared\middleware\error.middleware.ts
FN:4,(anonymous_0)
FN:14,(anonymous_1)
FN:33,(anonymous_2)
FN:34,(anonymous_3)
FNF:4
FNH:4
FNDA:23,(anonymous_0)
FNDA:23,(anonymous_1)
FNDA:8,(anonymous_2)
FNDA:1,(anonymous_3)
DA:3,2
DA:5,23
DA:6,23
DA:7,23
DA:9,23
DA:10,23
DA:14,2
DA:20,23
DA:21,23
DA:26,0
DA:27,0
DA:33,2
DA:34,8
DA:35,1
LF:14
LH:12
BRDA:7,0,0,23
BRDA:20,1,0,23
BRDA:20,1,1,0
BRF:3
BRH:2
end_of_record
TN:
SF:src\shared\middleware\security.middleware.ts
FN:36,(anonymous_1)
FNF:1
FNH:1
FNDA:2,(anonymous_1)
DA:13,2
DA:14,2
DA:20,2
DA:36,2
DA:38,2
DA:61,2
DA:63,2
DA:66,2
LF:8
LH:8
BRF:0
BRH:0
end_of_record
