TN:
SF:src\config\env.config.ts
FN:24,(anonymous_1)
FNF:1
FNH:1
FNDA:2,(anonymous_1)
DA:1,2
DA:2,2
DA:24,2
DA:25,2
DA:46,2
LF:5
LH:5
BRDA:26,0,0,2
BRDA:26,0,1,0
BRDA:27,1,0,2
BRDA:27,1,1,2
BRDA:29,2,0,2
BRDA:29,2,1,0
BRDA:30,3,0,2
BRDA:30,3,1,0
BRDA:31,4,0,2
BRDA:31,4,1,0
BRDA:34,5,0,2
BRDA:34,5,1,0
BRDA:37,6,0,2
BRDA:37,6,1,2
BRDA:40,7,0,2
BRDA:40,7,1,2
BRDA:41,8,0,2
BRDA:41,8,1,2
BRF:18
BRH:13
end_of_record
TN:
SF:src\config\firebase.config.ts
FN:6,(anonymous_1)
FN:26,(anonymous_2)
FNF:2
FNH:1
FNDA:2,(anonymous_1)
FNDA:0,(anonymous_2)
DA:1,2
DA:2,2
DA:4,2
DA:6,2
DA:7,2
DA:9,2
DA:10,2
DA:18,2
DA:19,2
DA:21,0
DA:22,0
DA:26,2
DA:27,0
DA:28,0
DA:31,2
LF:15
LH:11
BRDA:7,0,0,0
BRDA:7,0,1,2
BRDA:7,1,0,2
BRDA:7,1,1,2
BRDA:27,2,0,0
BRDA:27,2,1,0
BRDA:27,3,0,0
BRDA:27,3,1,0
BRF:8
BRH:3
end_of_record
TN:
SF:src\matching\infrastructure\controllers\Matching.controller.ts
FN:18,(anonymous_1)
FN:80,(anonymous_2)
FN:96,(anonymous_3)
FN:134,(anonymous_4)
FN:148,(anonymous_5)
FNF:5
FNH:1
FNDA:2,(anonymous_1)
FNDA:0,(anonymous_2)
FNDA:0,(anonymous_3)
FNDA:0,(anonymous_4)
FNDA:0,(anonymous_5)
DA:2,2
DA:3,2
DA:4,2
DA:6,2
DA:7,2
DA:8,2
DA:11,2
DA:12,2
DA:18,2
DA:19,2
DA:23,2
DA:24,2
DA:25,0
DA:27,2
DA:32,0
DA:72,0
DA:74,0
DA:80,0
DA:96,2
DA:97,0
DA:98,0
DA:101,0
DA:102,0
DA:105,0
DA:107,0
DA:108,0
DA:112,0
DA:113,0
DA:114,0
DA:117,0
DA:125,0
DA:127,0
DA:134,2
DA:135,0
DA:136,0
DA:139,0
DA:141,0
DA:148,2
DA:149,0
DA:150,0
DA:153,0
DA:154,0
DA:156,0
LF:43
LH:16
BRDA:97,0,0,0
BRDA:97,0,1,0
BRDA:101,1,0,0
BRDA:101,1,1,0
BRDA:107,2,0,0
BRDA:107,2,1,0
BRDA:113,3,0,0
BRDA:113,3,1,0
BRDA:135,4,0,0
BRDA:135,4,1,0
BRDA:149,5,0,0
BRDA:149,5,1,0
BRDA:149,6,0,0
BRDA:149,6,1,0
BRF:14
BRH:0
end_of_record
TN:
SF:src\matching\infrastructure\repositories\FirestoreAplicacionRepository.ts
FN:9,(anonymous_0)
FN:13,(anonymous_1)
FN:21,(anonymous_2)
FN:29,(anonymous_3)
FN:40,(anonymous_4)
FN:42,(anonymous_5)
FN:50,(anonymous_6)
FN:57,(anonymous_7)
FN:68,(anonymous_8)
FN:69,(anonymous_9)
FN:77,(anonymous_10)
FN:87,(anonymous_11)
FNF:12
FNH:0
FNDA:0,(anonymous_0)
FNDA:0,(anonymous_1)
FNDA:0,(anonymous_2)
FNDA:0,(anonymous_3)
FNDA:0,(anonymous_4)
FNDA:0,(anonymous_5)
FNDA:0,(anonymous_6)
FNDA:0,(anonymous_7)
FNDA:0,(anonymous_8)
FNDA:0,(anonymous_9)
FNDA:0,(anonymous_10)
FNDA:0,(anonymous_11)
DA:1,2
DA:8,2
DA:10,0
DA:14,0
DA:18,0
DA:22,0
DA:24,0
DA:29,0
DA:31,0
DA:34,0
DA:35,0
DA:36,0
DA:40,0
DA:42,0
DA:43,0
DA:46,0
DA:51,0
DA:52,0
DA:57,0
DA:59,0
DA:62,0
DA:63,0
DA:64,0
DA:68,0
DA:69,0
DA:70,0
DA:73,0
DA:78,0
DA:84,0
DA:88,0
LF:30
LH:2
BRDA:34,0,0,0
BRDA:34,0,1,0
BRDA:34,1,0,0
BRDA:34,1,1,0
BRDA:62,2,0,0
BRDA:62,2,1,0
BRDA:62,3,0,0
BRDA:62,3,1,0
BRDA:92,4,0,0
BRDA:92,4,1,0
BRF:10
BRH:0
end_of_record
TN:
SF:src\matching\infrastructure\routes\matching.routes.ts
FNF:0
FNH:0
DA:1,2
DA:2,2
DA:3,2
DA:10,2
DA:17,2
DA:24,2
DA:31,2
DA:38,2
DA:40,2
LF:9
LH:9
BRF:0
BRH:0
end_of_record
TN:
SF:src\matching\services\matching.service.ts
FN:12,(anonymous_0)
FN:20,(anonymous_1)
FN:32,(anonymous_2)
FN:43,(anonymous_3)
FN:44,(anonymous_4)
FN:54,(anonymous_5)
FN:64,(anonymous_6)
FN:72,(anonymous_7)
FN:74,(anonymous_8)
FN:94,(anonymous_9)
FN:119,(anonymous_10)
FN:120,(anonymous_11)
FN:121,(anonymous_12)
FNF:13
FNH:0
FNDA:0,(anonymous_0)
FNDA:0,(anonymous_1)
FNDA:0,(anonymous_2)
FNDA:0,(anonymous_3)
FNDA:0,(anonymous_4)
FNDA:0,(anonymous_5)
FNDA:0,(anonymous_6)
FNDA:0,(anonymous_7)
FNDA:0,(anonymous_8)
FNDA:0,(anonymous_9)
FNDA:0,(anonymous_10)
FNDA:0,(anonymous_11)
FNDA:0,(anonymous_12)
DA:7,2
DA:13,0
DA:21,0
DA:22,0
DA:23,0
DA:24,0
DA:29,0
DA:30,0
DA:31,0
DA:32,0
DA:33,0
DA:34,0
DA:37,0
DA:38,0
DA:42,0
DA:43,0
DA:44,0
DA:45,0
DA:48,0
DA:49,0
DA:53,0
DA:54,0
DA:55,0
DA:57,0
DA:63,0
DA:64,0
DA:65,0
DA:68,0
DA:71,0
DA:72,0
DA:73,0
DA:74,0
DA:76,0
DA:82,0
DA:83,0
DA:87,0
DA:88,0
DA:93,0
DA:94,0
DA:95,0
DA:98,0
DA:102,0
DA:104,0
DA:120,0
DA:121,0
LF:45
LH:1
BRDA:31,0,0,0
BRDA:31,0,1,0
BRDA:33,1,0,0
BRDA:33,1,1,0
BRDA:44,2,0,0
BRDA:44,2,1,0
BRDA:48,3,0,0
BRDA:48,3,1,0
BRDA:55,4,0,0
BRDA:55,4,1,0
BRDA:57,5,0,0
BRDA:57,5,1,0
BRDA:65,6,0,0
BRDA:65,6,1,0
BRDA:68,7,0,0
BRDA:68,7,1,0
BRDA:74,8,0,0
BRDA:74,8,1,0
BRDA:76,9,0,0
BRDA:76,9,1,0
BRDA:82,10,0,0
BRDA:82,10,1,0
BRDA:87,11,0,0
BRDA:87,11,1,0
BRDA:95,12,0,0
BRDA:95,12,1,0
BRDA:98,13,0,0
BRDA:98,13,1,0
BRF:28
BRH:0
end_of_record
TN:
SF:src\shared\middleware\auth.middleware.ts
FN:16,(anonymous_1)
FNF:1
FNH:1
FNDA:9,(anonymous_1)
DA:2,2
DA:3,2
DA:4,2
DA:16,2
DA:21,9
DA:22,9
DA:23,9
DA:24,6
DA:27,3
DA:28,3
DA:29,0
DA:30,0
DA:32,9
DA:33,3
DA:35,6
DA:36,0
DA:38,6
LF:17
LH:14
BRDA:23,0,0,6
BRDA:23,0,1,3
BRDA:23,1,0,9
BRDA:23,1,1,3
BRDA:32,2,0,3
BRDA:32,2,1,6
BRDA:35,3,0,0
BRDA:35,3,1,6
BRF:8
BRH:7
end_of_record
TN:
SF:src\shared\middleware\error.middleware.ts
FN:4,(anonymous_0)
FN:14,(anonymous_1)
FN:33,(anonymous_2)
FN:34,(anonymous_3)
FNF:4
FNH:4
FNDA:11,(anonymous_0)
FNDA:11,(anonymous_1)
FNDA:8,(anonymous_2)
FNDA:2,(anonymous_3)
DA:3,2
DA:5,11
DA:6,11
DA:7,11
DA:9,11
DA:10,11
DA:14,2
DA:20,11
DA:21,11
DA:26,0
DA:27,0
DA:33,2
DA:34,8
DA:35,2
LF:14
LH:12
BRDA:7,0,0,11
BRDA:20,1,0,11
BRDA:20,1,1,0
BRF:3
BRH:2
end_of_record
TN:
SF:src\shared\middleware\security.middleware.ts
FN:36,(anonymous_1)
FNF:1
FNH:1
FNDA:2,(anonymous_1)
DA:13,2
DA:14,2
DA:20,2
DA:36,2
DA:38,2
DA:61,2
DA:63,2
DA:66,2
LF:8
LH:8
BRF:0
BRH:0
end_of_record
TN:
SF:src\shared\utils\response.util.ts
FN:4,(anonymous_0)
FN:8,(anonymous_1)
FNF:2
FNH:0
FNDA:0,(anonymous_0)
FNDA:0,(anonymous_1)
DA:3,2
DA:5,0
DA:9,0
LF:3
LH:1
BRDA:4,0,0,0
BRDA:4,1,0,0
BRDA:8,2,0,0
BRF:3
BRH:0
end_of_record
